<?xml version="1.0" encoding="UTF-8"?>
<testng-results skipped="0" failed="1" ignored="0" total="9" passed="8">
  <reporter-output>
  </reporter-output>
  <suite name="All Test Suite" duration-ms="8678" started-at="2022-01-21T16:43:17 CST" finished-at="2022-01-21T16:43:26 CST">
    <groups>
    </groups>
    <test name="D:/xiangmu/src/test" duration-ms="8678" started-at="2022-01-21T16:43:17 CST" finished-at="2022-01-21T16:43:26 CST">
      <class name="zidonghuaceshikuangjia.testcase.LoginTest">
        <test-method status="PASS" signature="testLogin(zidonghuaceshikuangjia.daomain.TestCaseq)[pri:0, instance:zidonghuaceshikuangjia.testcase.LoginTest@4f071df8]" name="testLogin" duration-ms="284" started-at="2022-01-21T16:43:23 CST" data-provider="dataImport" finished-at="2022-01-21T16:43:23 CST">
          <params>
            <param index="0">
              <value>
                <![CDATA[zidonghuaceshikuangjia.daomain.TestCaseq@2728add3]]>
              </value>
            </param>
          </params>
          <reporter-output>
          </reporter-output>
        </test-method> <!-- testLogin -->
        <test-method status="PASS" signature="testLogin(zidonghuaceshikuangjia.daomain.TestCaseq)[pri:0, instance:zidonghuaceshikuangjia.testcase.LoginTest@4f071df8]" name="testLogin" duration-ms="121" started-at="2022-01-21T16:43:23 CST" data-provider="dataImport" finished-at="2022-01-21T16:43:23 CST">
          <params>
            <param index="0">
              <value>
                <![CDATA[zidonghuaceshikuangjia.daomain.TestCaseq@462f8fe9]]>
              </value>
            </param>
          </params>
          <reporter-output>
          </reporter-output>
        </test-method> <!-- testLogin -->
        <test-method status="PASS" signature="testLogin(zidonghuaceshikuangjia.daomain.TestCaseq)[pri:0, instance:zidonghuaceshikuangjia.testcase.LoginTest@4f071df8]" name="testLogin" duration-ms="192" started-at="2022-01-21T16:43:23 CST" data-provider="dataImport" finished-at="2022-01-21T16:43:24 CST">
          <params>
            <param index="0">
              <value>
                <![CDATA[zidonghuaceshikuangjia.daomain.TestCaseq@560be8c0]]>
              </value>
            </param>
          </params>
          <reporter-output>
          </reporter-output>
        </test-method> <!-- testLogin -->
        <test-method status="PASS" signature="testLogin(zidonghuaceshikuangjia.daomain.TestCaseq)[pri:0, instance:zidonghuaceshikuangjia.testcase.LoginTest@4f071df8]" name="testLogin" duration-ms="119" started-at="2022-01-21T16:43:24 CST" data-provider="dataImport" finished-at="2022-01-21T16:43:24 CST">
          <params>
            <param index="0">
              <value>
                <![CDATA[zidonghuaceshikuangjia.daomain.TestCaseq@c0521e5]]>
              </value>
            </param>
          </params>
          <reporter-output>
          </reporter-output>
        </test-method> <!-- testLogin -->
        <test-method status="PASS" signature="testLogin(zidonghuaceshikuangjia.daomain.TestCaseq)[pri:0, instance:zidonghuaceshikuangjia.testcase.LoginTest@4f071df8]" name="testLogin" duration-ms="106" started-at="2022-01-21T16:43:24 CST" data-provider="dataImport" finished-at="2022-01-21T16:43:24 CST">
          <params>
            <param index="0">
              <value>
                <![CDATA[zidonghuaceshikuangjia.daomain.TestCaseq@18ff753c]]>
              </value>
            </param>
          </params>
          <reporter-output>
          </reporter-output>
        </test-method> <!-- testLogin -->
      </class> <!-- zidonghuaceshikuangjia.testcase.LoginTest -->
      <class name="zidonghuaceshikuangjia.testcase.Regist">
        <test-method status="FAIL" signature="regist()[pri:0, instance:zidonghuaceshikuangjia.testcase.Regist@56ace400]" name="regist" duration-ms="2194" started-at="2022-01-21T16:43:24 CST" finished-at="2022-01-21T16:43:26 CST">
          <exception class="java.lang.AssertionError">
            <message>
              <![CDATA[expected [200] but found [400]]]>
            </message>
            <full-stacktrace>
              <![CDATA[java.lang.AssertionError: expected [200] but found [400]
at org.testng.Assert.fail(Assert.java:97)
at org.testng.Assert.assertEqualsImpl(Assert.java:136)
at org.testng.Assert.assertEquals(Assert.java:118)
at org.testng.Assert.assertEquals(Assert.java:839)
at org.testng.Assert.assertEquals(Assert.java:849)
at zidonghuaceshikuangjia.testcase.Regist.regist(Regist.java:34)
at sun.reflect.NativeMethodAccessorImpl.invoke0(Native Method)
at sun.reflect.NativeMethodAccessorImpl.invoke(NativeMethodAccessorImpl.java:62)
at sun.reflect.DelegatingMethodAccessorImpl.invoke(DelegatingMethodAccessorImpl.java:43)
at java.lang.reflect.Method.invoke(Method.java:498)
at org.testng.internal.MethodInvocationHelper.invokeMethod(MethodInvocationHelper.java:133)
at org.testng.internal.TestInvoker.invokeMethod(TestInvoker.java:584)
at org.testng.internal.TestInvoker.invokeTestMethod(TestInvoker.java:172)
at org.testng.internal.MethodRunner.runInSequence(MethodRunner.java:46)
at org.testng.internal.TestInvoker$MethodInvocationAgent.invoke(TestInvoker.java:804)
at org.testng.internal.TestInvoker.invokeTestMethods(TestInvoker.java:145)
at org.testng.internal.TestMethodWorker.invokeTestMethods(TestMethodWorker.java:146)
at org.testng.internal.TestMethodWorker.run(TestMethodWorker.java:128)
at java.util.ArrayList.forEach(ArrayList.java:1259)
at org.testng.TestRunner.privateRun(TestRunner.java:770)
at org.testng.TestRunner.run(TestRunner.java:591)
at org.testng.SuiteRunner.runTest(SuiteRunner.java:402)
at org.testng.SuiteRunner.runSequentially(SuiteRunner.java:396)
at org.testng.SuiteRunner.privateRun(SuiteRunner.java:355)
at org.testng.SuiteRunner.run(SuiteRunner.java:304)
at org.testng.SuiteRunnerWorker.runSuite(SuiteRunnerWorker.java:53)
at org.testng.SuiteRunnerWorker.run(SuiteRunnerWorker.java:96)
at org.testng.TestNG.runSuitesSequentially(TestNG.java:1180)
at org.testng.TestNG.runSuitesLocally(TestNG.java:1102)
at org.testng.TestNG.runSuites(TestNG.java:1032)
at org.testng.TestNG.run(TestNG.java:1000)
at org.apache.maven.surefire.testng.TestNGExecutor.run(TestNGExecutor.java:283)
at org.apache.maven.surefire.testng.TestNGXmlTestSuite.execute(TestNGXmlTestSuite.java:75)
at org.apache.maven.surefire.testng.TestNGProvider.invoke(TestNGProvider.java:120)
at org.apache.maven.surefire.booter.ForkedBooter.invokeProviderInSameClassLoader(ForkedBooter.java:384)
at org.apache.maven.surefire.booter.ForkedBooter.runSuitesInProcess(ForkedBooter.java:345)
at org.apache.maven.surefire.booter.ForkedBooter.execute(ForkedBooter.java:126)
at org.apache.maven.surefire.booter.ForkedBooter.main(ForkedBooter.java:418)
]]>
            </full-stacktrace>
          </exception> <!-- java.lang.AssertionError -->
          <reporter-output>
          </reporter-output>
        </test-method> <!-- regist -->
      </class> <!-- zidonghuaceshikuangjia.testcase.Regist -->
      <class name="zidonghuaceshikuangjia.testcase.AddCart">
        <test-method status="PASS" signature="addCart(zidonghuaceshikuangjia.daomain.TestCaseq)[pri:0, instance:zidonghuaceshikuangjia.testcase.AddCart@62fe6067]" name="addCart" duration-ms="3531" started-at="2022-01-21T16:43:18 CST" data-provider="addcart" finished-at="2022-01-21T16:43:21 CST">
          <params>
            <param index="0">
              <value>
                <![CDATA[zidonghuaceshikuangjia.daomain.TestCaseq@442f92e6]]>
              </value>
            </param>
          </params>
          <reporter-output>
          </reporter-output>
        </test-method> <!-- addCart -->
        <test-method status="PASS" signature="testYwu()[pri:0, instance:zidonghuaceshikuangjia.testcase.AddCart@62fe6067]" name="testYwu" duration-ms="1443" started-at="2022-01-21T16:43:21 CST" finished-at="2022-01-21T16:43:23 CST">
          <reporter-output>
          </reporter-output>
        </test-method> <!-- testYwu -->
      </class> <!-- zidonghuaceshikuangjia.testcase.AddCart -->
      <class name="zidonghuaceshikuangjia.testcase.SouSuo">
        <test-method status="PASS" signature="souSuo()[pri:0, instance:zidonghuaceshikuangjia.testcase.SouSuo@4de41af9]" name="souSuo" duration-ms="179" started-at="2022-01-21T16:43:24 CST" finished-at="2022-01-21T16:43:24 CST">
          <reporter-output>
          </reporter-output>
        </test-method> <!-- souSuo -->
      </class> <!-- zidonghuaceshikuangjia.testcase.SouSuo -->
    </test> <!-- D:/xiangmu/src/test -->
  </suite> <!-- All Test Suite -->
</testng-results>
